<?xml version="1.0" encoding="UTF-8"?>
<!-- Generated by org.testng.reporters.JUnitXMLReporter -->
<testsuite ignored="0" hostname="DESKTOP-01T6LE9" failures="0" tests="4" name="SanityTest" time="36.87" errors="0" timestamp="2022-10-12T12:00:09 IST">
  <testcase classname="com.testclass.Tc01_Verify_Login_functionality" name="verifyLoginFunctionality" time="0.024"/>
  <testcase classname="com.testclass.Tc02_VerifyLogout_functionalitry" name="verifyLogoutfunctionality" time="0.016"/>
  <testcase classname="com.testclass.Tc03_Verifyoneaddtocartbuttonfunctionilty" name="verifyproductfunctionality" time="0.178"/>
  <testcase classname="com.testclass.Tc04_Verifyallproductcartbutton" name="verifyallproductfunctionality" time="0.525"/>
</testsuite> <!-- SanityTest -->
